<?xml version="1.0" encoding="UTF-8"?>
<!-- Generated by org.testng.reporters.JUnitReportReporter -->
<testsuite skipped="0" hostname="DESKTOP-MyDell" name="com.usa.dealrunner.AdealRunner" tests="1" failures="0" timestamp="27 Jun 2020 22:58:10 GMT" time="46.863" errors="0">
  <testcase name="feature" time="46.863" classname="com.usa.dealrunner.AdealRunner"/>
</testsuite> <!-- com.usa.dealrunner.AdealRunner -->
